<?xml version="1.0" encoding="UTF-8"?>
<testsuite xmlns:xsi="http://www.w3.org/2001/XMLSchema-instance" xsi:noNamespaceSchemaLocation="https://maven.apache.org/surefire/maven-surefire-plugin/xsd/surefire-test-report-3.0.xsd" version="3.0" name="testRunners.TestRunner" time="26.629" tests="2" errors="0" skipped="0" failures="0">
  <properties>
[...]
</properties>
  <testcase name="User login with correct username and password" classname="Login #1" time="11.718">
    <system-out><![CDATA[
@Regression
Scenario: User login with correct username and password                    # src/test/resources/features/Login.feature:4
  Given User is landed on login page                                       # stepDefinitions.LoginStep.user_is_landed_on_login_page()
  When Use enters username "metemitali@gmail.com" and password "Syntel@11" # stepDefinitions.LoginStep.use_enters_username_and_password(java.lang.String,java.lang.String)
  And Click on submit button                                               # stepDefinitions.LoginStep.click_on_submit_button()
logged in
  Then User is able to login and access the dashboard                      # stepDefinitions.LoginStep.user_is_able_to_login_and_access_the_dashboard()
]]></system-out>
    <system-err><![CDATA[Mar 19, 2025 1:06:21 PM org.openqa.selenium.devtools.CdpVersionFinder findNearestMatch
WARNING: Unable to find an exact match for CDP version 134, returning the closest version; found: 133; Please update to a Selenium version that supports CDP version 134
]]></system-err>
  </testcase>
  <testcase name="User login with correct username and password" classname="Login #2" time="11.543">
    <system-out><![CDATA[
@Smoke
Scenario: User login with correct username and password                    # src/test/resources/features/Login2.feature:4
  Given User is landed on login page                                       # stepDefinitions.LoginStep.user_is_landed_on_login_page()
  When Use enters username "metemitali@gmail.com" and password "Syntel@11" # stepDefinitions.LoginStep.use_enters_username_and_password(java.lang.String,java.lang.String)
  And Click on submit button                                               # stepDefinitions.LoginStep.click_on_submit_button()
logged in
  Then User is able to login and access the dashboard                      # stepDefinitions.LoginStep.user_is_able_to_login_and_access_the_dashboard()
]]></system-out>
    <system-err><![CDATA[Mar 19, 2025 1:06:32 PM org.openqa.selenium.devtools.CdpVersionFinder findNearestMatch
WARNING: Unable to find an exact match for CDP version 134, returning the closest version; found: 133; Please update to a Selenium version that supports CDP version 134
]]></system-err>
  </testcase>
</testsuite>